2014/01/29 00:08:48 [error] [php] include(Post.php): failed to open stream: No such file or directory (K:\Projects\xampp\htdocs\yii\framework\YiiBase.php:427)
Stack trace:
#0 K:\Projects\xampp\htdocs\yii\framework\db\ar\CActiveRecord.php(395): spl_autoload_call()
#1 K:\Projects\xampp\htdocs\yii\framework\web\CActiveDataProvider.php(165): model()
#2 K:\Projects\xampp\htdocs\yii\framework\web\CActiveDataProvider.php(87): CActiveDataProvider->getModel()
#3 K:\Projects\xampp\htdocs\yiiapp\protected\views\site\pages\movieDB.php(2): CActiveDataProvider->__construct()
#4 K:\Projects\xampp\htdocs\yii\framework\web\CBaseController.php(126): require()
#5 K:\Projects\xampp\htdocs\yii\framework\web\CBaseController.php(95): SiteController->renderInternal()
#6 K:\Projects\xampp\htdocs\yii\framework\web\CController.php(869): SiteController->renderFile()
#7 K:\Projects\xampp\htdocs\yii\framework\web\CController.php(782): SiteController->renderPartial()
#8 K:\Projects\xampp\htdocs\yii\framework\web\actions\CViewAction.php(140): SiteController->render()
#9 K:\Projects\xampp\htdocs\yii\framework\web\actions\CAction.php(76): CViewAction->run()
#10 K:\Projects\xampp\htdocs\yii\framework\web\CController.php(308): CViewAction->runWithParams()
#11 K:\Projects\xampp\htdocs\yii\framework\web\CController.php(286): SiteController->runAction()
#12 K:\Projects\xampp\htdocs\yii\framework\web\CController.php(265): SiteController->runActionWithFilters()
#13 K:\Projects\xampp\htdocs\yii\framework\web\CWebApplication.php(282): SiteController->run()
#14 K:\Projects\xampp\htdocs\yii\framework\web\CWebApplication.php(141): CWebApplication->runController()
#15 K:\Projects\xampp\htdocs\yii\framework\base\CApplication.php(180): CWebApplication->processRequest()
#16 K:\Projects\xampp\htdocs\yiiapp\index.php(13): CWebApplication->run()
REQUEST_URI=/yiiapp/index.php?r=site/page&view=movieDB
in K:\Projects\xampp\htdocs\yiiapp\protected\views\site\pages\movieDB.php (2)
in K:\Projects\xampp\htdocs\yiiapp\index.php (13)
2014/01/29 00:08:54 [error] [php] include(Post.php): failed to open stream: No such file or directory (K:\Projects\xampp\htdocs\yii\framework\YiiBase.php:427)
Stack trace:
#0 K:\Projects\xampp\htdocs\yii\framework\db\ar\CActiveRecord.php(395): spl_autoload_call()
#1 K:\Projects\xampp\htdocs\yii\framework\web\CActiveDataProvider.php(165): model()
#2 K:\Projects\xampp\htdocs\yii\framework\web\CActiveDataProvider.php(87): CActiveDataProvider->getModel()
#3 K:\Projects\xampp\htdocs\yiiapp\protected\views\site\pages\movieDB.php(2): CActiveDataProvider->__construct()
#4 K:\Projects\xampp\htdocs\yii\framework\web\CBaseController.php(126): require()
#5 K:\Projects\xampp\htdocs\yii\framework\web\CBaseController.php(95): SiteController->renderInternal()
#6 K:\Projects\xampp\htdocs\yii\framework\web\CController.php(869): SiteController->renderFile()
#7 K:\Projects\xampp\htdocs\yii\framework\web\CController.php(782): SiteController->renderPartial()
#8 K:\Projects\xampp\htdocs\yii\framework\web\actions\CViewAction.php(140): SiteController->render()
#9 K:\Projects\xampp\htdocs\yii\framework\web\actions\CAction.php(76): CViewAction->run()
#10 K:\Projects\xampp\htdocs\yii\framework\web\CController.php(308): CViewAction->runWithParams()
#11 K:\Projects\xampp\htdocs\yii\framework\web\CController.php(286): SiteController->runAction()
#12 K:\Projects\xampp\htdocs\yii\framework\web\CController.php(265): SiteController->runActionWithFilters()
#13 K:\Projects\xampp\htdocs\yii\framework\web\CWebApplication.php(282): SiteController->run()
#14 K:\Projects\xampp\htdocs\yii\framework\web\CWebApplication.php(141): CWebApplication->runController()
#15 K:\Projects\xampp\htdocs\yii\framework\base\CApplication.php(180): CWebApplication->processRequest()
#16 K:\Projects\xampp\htdocs\yiiapp\index.php(13): CWebApplication->run()
REQUEST_URI=/yiiapp/index.php?r=site/page&view=movieDB
in K:\Projects\xampp\htdocs\yiiapp\protected\views\site\pages\movieDB.php (2)
in K:\Projects\xampp\htdocs\yiiapp\index.php (13)
